<?xml version="1.0" encoding="UTF-8"?>
<!-- Generated by org.testng.reporters.JUnitReportReporter -->
<testsuite hostname="LAPTOP-N3IQ9KIK" failures="0" tests="1" name="newtest.testng.loginpage" time="10.710" errors="0" timestamp="2023-04-27T14:32:44 IST" skipped="0">
  <testcase classname="newtest.testng.loginpage" name="TC_001" time="10.710"/>
  <system-out/>
</testsuite> <!-- newtest.testng.loginpage -->
